<?xml version="1.0" encoding="UTF-8"?>
<!-- Generated by org.testng.reporters.JUnitXMLReporter -->
<testsuite hostname="DESKTOP-L0UC1LO" ignored="0" name="Functional Testing on edge" tests="1" failures="1" timestamp="24 Feb 2021 12:17:04 GMT" time="10.328" errors="0">
  <testcase name="googlesearch" time="0.009" classname="com.main.AutoSuggest_001">
    <failure type="java.lang.NullPointerException">
      <![CDATA[java.lang.NullPointerException
at org.openqa.selenium.support.pagefactory.DefaultElementLocator.findElement(DefaultElementLocator.java:69)
at org.openqa.selenium.support.pagefactory.internal.LocatingElementHandler.invoke(LocatingElementHandler.java:38)
at com.sun.proxy.$Proxy10.sendKeys(Unknown Source)
at com.pages.AutoSuggest.setsearchinput(AutoSuggest.java:30)
at com.main.AutoSuggest_001.googlesearch(AutoSuggest_001.java:24)
at java.util.concurrent.FutureTask.run(Unknown Source)
at java.util.concurrent.ThreadPoolExecutor.runWorker(Unknown Source)
at java.util.concurrent.ThreadPoolExecutor$Worker.run(Unknown Source)
at java.lang.Thread.run(Unknown Source)
... Removed 16 stack frames]]>
    </failure>
  </testcase> <!-- googlesearch -->
</testsuite> <!-- Functional Testing on edge -->
