<?xml version="1.0" encoding="UTF-8"?>
<!-- Generated by org.testng.reporters.JUnitXMLReporter -->
<testsuite hostname="DESKTOP-L0UC1LO" ignored="0" name="Functional Testing on destinationQA" tests="3" failures="0" timestamp="25 Feb 2021 16:36:31 GMT" time="13.638" errors="0">
  <testcase name="checkingWed" time="0.074" classname="com.main.TC_UserEventsOnCheckBox"/>
  <testcase name="selectMon" time="0.122" classname="com.main.TC_UserEventsOnCheckBox"/>
  <testcase name="selectRedAndOrange" time="0.306" classname="com.main.TC_UserEventsOnCheckBox"/>
</testsuite> <!-- Functional Testing on destinationQA -->
